20120323_00_: LOAEL constitutional local_svm_regression 1
ruby CV_ds_pctype_algo_rseed_LOAEL_loo.rb LOAEL constitutional local_svm_regression 1 ../data/datasets_old_LOAEL_mol_allnum_rfe.yaml
datasets_old_LOAEL_mol_allnum_rfe.yaml exists
--- prediction_algorithm=local_svm_regression;pc_type=constitutional;feature_dataset_uri=http://toxcreate3.in-silico.ch:8080/dataset/130605;min_train_performance=0.2
--- 
:algorithm_uri: http://toxcreate3.in-silico.ch:8080/algorithm/lazar
:algorithm_params: prediction_algorithm=local_svm_regression;pc_type=constitutional;feature_dataset_uri=http://toxcreate3.in-silico.ch:8080/dataset/130605;min_train_performance=0.2
:loo: true
:dataset_uri: http://toxcreate3.in-silico.ch:8080/dataset/9
:prediction_feature: http://toxcreate3.in-silico.ch:8080/dataset/9/feature/LOAEL_mol/kg_bw/day
http://toxcreate3.in-silico.ch:8080/validation/crossvalidation/334
http://toxcreate3.in-silico.ch:8080/validation/report/crossvalidation/405

20120323_00_: LOAEL electronic,cpsa local_svm_regression 1
ruby CV_ds_pctype_algo_rseed_LOAEL_loo.rb LOAEL electronic,cpsa local_svm_regression 1 ../data/datasets_old_LOAEL_mol_allnum_rfe.yaml
datasets_old_LOAEL_mol_allnum_rfe.yaml exists
--- prediction_algorithm=local_svm_regression;pc_type=electronic,cpsa;feature_dataset_uri=http://toxcreate3.in-silico.ch:8080/dataset/130523;min_train_performance=0.2
--- 
:algorithm_uri: http://toxcreate3.in-silico.ch:8080/algorithm/lazar
:algorithm_params: prediction_algorithm=local_svm_regression;pc_type=electronic,cpsa;feature_dataset_uri=http://toxcreate3.in-silico.ch:8080/dataset/130523;min_train_performance=0.2
:loo: true
:dataset_uri: http://toxcreate3.in-silico.ch:8080/dataset/9
:prediction_feature: http://toxcreate3.in-silico.ch:8080/dataset/9/feature/LOAEL_mol/kg_bw/day
http://toxcreate3.in-silico.ch:8080/validation/crossvalidation/337
http://toxcreate3.in-silico.ch:8080/validation/report/crossvalidation/408

20120323_00_: LOAEL topological local_svm_regression 1
ruby CV_ds_pctype_algo_rseed_LOAEL_loo.rb LOAEL topological local_svm_regression 1 ../data/datasets_old_LOAEL_mol_allnum_rfe.yaml
datasets_old_LOAEL_mol_allnum_rfe.yaml exists
--- prediction_algorithm=local_svm_regression;pc_type=topological;feature_dataset_uri=http://toxcreate3.in-silico.ch:8080/dataset/130603;min_train_performance=0.2
--- 
:algorithm_uri: http://toxcreate3.in-silico.ch:8080/algorithm/lazar
:algorithm_params: prediction_algorithm=local_svm_regression;pc_type=topological;feature_dataset_uri=http://toxcreate3.in-silico.ch:8080/dataset/130603;min_train_performance=0.2
:loo: true
:dataset_uri: http://toxcreate3.in-silico.ch:8080/dataset/9
:prediction_feature: http://toxcreate3.in-silico.ch:8080/dataset/9/feature/LOAEL_mol/kg_bw/day
http://toxcreate3.in-silico.ch:8080/validation/crossvalidation/340
http://toxcreate3.in-silico.ch:8080/validation/report/crossvalidation/411

20120323_17_: LOAEL joelib local_svm_regression ;min_train_performance=0.2 1
ruby CV_ds_pctype_algo_rseed_LOAEL_loo.rb LOAEL joelib local_svm_regression ;min_train_performance=0.2 1 ../data/datasets_new_LOAEL_mol_allnum_rfe.yaml
[2012-03-23T18:06:15.8186Z] datasets_new_LOAEL_mol_allnum_rfe.yaml exists.
[2012-03-23T18:06:15.8380Z] --- prediction_algorithm=local_svm_regression;pc_type=joelib;feature_dataset_uri=http://toxcreate3.in-silico.ch:8080/dataset/141116;min_train_performance=0.2
[2012-03-23T18:06:15.8654Z] --- 
:dataset_uri: http://toxcreate3.in-silico.ch:8080/dataset/120088
:prediction_feature: http://toxcreate3.in-silico.ch:8080/dataset/120088/feature/LOAEL_log_mmol_kg_bw_day
:algorithm_uri: http://toxcreate3.in-silico.ch:8080/algorithm/lazar
:algorithm_params: prediction_algorithm=local_svm_regression;pc_type=joelib;feature_dataset_uri=http://toxcreate3.in-silico.ch:8080/dataset/141116;min_train_performance=0.2
:loo: true
[2012-03-23T19:07:56.2307Z] http://toxcreate3.in-silico.ch:8080/validation/crossvalidation/366
[2012-03-23T19:12:38.2998Z] http://toxcreate3.in-silico.ch:8080/validation/report/crossvalidation/425

20120323_00_: LOAEL all_pc local_svm_regression 1
ruby CV_ds_pctype_algo_rseed_LOAEL_loo.rb LOAEL all_pc local_svm_regression 1 ../data/datasets_old_LOAEL_mol_allnum_rfe.yaml
datasets_old_LOAEL_mol_allnum_rfe.yaml exists
--- prediction_algorithm=local_svm_regression;pc_type=all_pc;feature_dataset_uri=http://toxcreate3.in-silico.ch:8080/dataset/130606;min_train_performance=0.2
---
:algorithm_uri: http://toxcreate3.in-silico.ch:8080/algorithm/lazar
:algorithm_params: prediction_algorithm=local_svm_regression;pc_type=all_pc;feature_dataset_uri=http://toxcreate3.in-silico.ch:8080/dataset/130606;min_train_performance=0.2
:loo: true
:dataset_uri: http://toxcreate3.in-silico.ch:8080/dataset/9
:prediction_feature: http://toxcreate3.in-silico.ch:8080/dataset/9/feature/LOAEL_mol/kg_bw/day
http://toxcreate3.in-silico.ch:8080/validation/crossvalidation/348
http://toxcreate3.in-silico.ch:8080/validation/report/crossvalidation/418

