20120319_07_: LOAEL constitutional local_svm_regression 1
ruby CV_ds_pctype_algo_rseed_LOAEL.rb LOAEL constitutional local_svm_regression 1
datasets.yaml exists
--- prediction_algorithm=local_svm_regression;pc_type=constitutional;feature_dataset_uri=http://toxcreate3.in-silico.ch:8080/dataset/84468
--- 
:algorithm_uri: http://toxcreate3.in-silico.ch:8080/algorithm/lazar
:algorithm_params: prediction_algorithm=local_svm_regression;pc_type=constitutional;feature_dataset_uri=http://toxcreate3.in-silico.ch:8080/dataset/84468
:stratified: false
:random_seed: "1"
:dataset_uri: http://toxcreate3.in-silico.ch:8080/dataset/84400
:prediction_feature: http://toxcreate3.in-silico.ch:8080/dataset/84400/feature/LOAEL_log_mg/kg_bw/day
http://toxcreate3.in-silico.ch:8080/validation/crossvalidation/259
http://toxcreate3.in-silico.ch:8080/validation/report/crossvalidation/343

20120319_07_: LOAEL electronic,cpsa local_svm_regression 1
ruby CV_ds_pctype_algo_rseed_LOAEL.rb LOAEL electronic,cpsa local_svm_regression 1
datasets.yaml exists
--- prediction_algorithm=local_svm_regression;pc_type=electronic,cpsa;feature_dataset_uri=http://toxcreate3.in-silico.ch:8080/dataset/84465
--- 
:algorithm_uri: http://toxcreate3.in-silico.ch:8080/algorithm/lazar
:algorithm_params: prediction_algorithm=local_svm_regression;pc_type=electronic,cpsa;feature_dataset_uri=http://toxcreate3.in-silico.ch:8080/dataset/84465
:stratified: false
:random_seed: "1"
:dataset_uri: http://toxcreate3.in-silico.ch:8080/dataset/84400
:prediction_feature: http://toxcreate3.in-silico.ch:8080/dataset/84400/feature/LOAEL_log_mg/kg_bw/day
http://toxcreate3.in-silico.ch:8080/validation/crossvalidation/262
http://toxcreate3.in-silico.ch:8080/validation/report/crossvalidation/345

20120319_07_: LOAEL topological local_svm_regression 1
ruby CV_ds_pctype_algo_rseed_LOAEL.rb LOAEL topological local_svm_regression 1
datasets.yaml exists
--- prediction_algorithm=local_svm_regression;pc_type=topological;feature_dataset_uri=http://toxcreate3.in-silico.ch:8080/dataset/84466
--- 
:algorithm_uri: http://toxcreate3.in-silico.ch:8080/algorithm/lazar
:algorithm_params: prediction_algorithm=local_svm_regression;pc_type=topological;feature_dataset_uri=http://toxcreate3.in-silico.ch:8080/dataset/84466
:stratified: false
:random_seed: "1"
:dataset_uri: http://toxcreate3.in-silico.ch:8080/dataset/84400
:prediction_feature: http://toxcreate3.in-silico.ch:8080/dataset/84400/feature/LOAEL_log_mg/kg_bw/day
http://toxcreate3.in-silico.ch:8080/validation/crossvalidation/263
http://toxcreate3.in-silico.ch:8080/validation/report/crossvalidation/347

20120319_07_: LOAEL joelib local_svm_regression 1
ruby CV_ds_pctype_algo_rseed_LOAEL.rb LOAEL joelib local_svm_regression 1
datasets.yaml exists
--- prediction_algorithm=local_svm_regression;pc_type=joelib;feature_dataset_uri=http://toxcreate3.in-silico.ch:8080/dataset/84467
--- 
:algorithm_uri: http://toxcreate3.in-silico.ch:8080/algorithm/lazar
:algorithm_params: prediction_algorithm=local_svm_regression;pc_type=joelib;feature_dataset_uri=http://toxcreate3.in-silico.ch:8080/dataset/84467
:stratified: false
:random_seed: "1"
:dataset_uri: http://toxcreate3.in-silico.ch:8080/dataset/84400
:prediction_feature: http://toxcreate3.in-silico.ch:8080/dataset/84400/feature/LOAEL_log_mg/kg_bw/day
http://toxcreate3.in-silico.ch:8080/validation/crossvalidation/266
http://toxcreate3.in-silico.ch:8080/validation/report/crossvalidation/348

20120318_23_: LOAEL all_pc local_svm_regression 1
ruby CV_ds_pctype_algo_rseed_LOAEL.rb LOAEL all_pc local_svm_regression 1
datasets.yaml exists
--- prediction_algorithm=local_svm_regression;pc_type=all_pc;feature_dataset_uri=http://toxcreate3.in-silico.ch:8080/dataset/84469
--- 
:algorithm_uri: http://toxcreate3.in-silico.ch:8080/algorithm/lazar
:algorithm_params: prediction_algorithm=local_svm_regression;pc_type=all_pc;feature_dataset_uri=http://toxcreate3.in-silico.ch:8080/dataset/84469
:stratified: false
:random_seed: "1"
:dataset_uri: http://toxcreate3.in-silico.ch:8080/dataset/84400
:prediction_feature: http://toxcreate3.in-silico.ch:8080/dataset/84400/feature/LOAEL_log_mg/kg_bw/day
http://toxcreate3.in-silico.ch:8080/validation/crossvalidation/256
http://toxcreate3.in-silico.ch:8080/validation/report/crossvalidation/339

