20120313_08_: MOU constitutional local_svm_regression 1
ruby CV_ds_pctype_algo_rseed_MOU_ttv.rb MOU constitutional local_svm_regression 1
datasets.yaml exists
--- prediction_algorithm=local_svm_regression;pc_type=constitutional;feature_dataset_uri=http://toxcreate3.in-silico.ch:8080/dataset/68353
--- 
:test_dataset_uri: http://toxcreate3.in-silico.ch:8080/dataset/11
:prediction_feature: http://toxcreate3.in-silico.ch:8080/dataset/10/feature/pTD50
:training_dataset_uri: http://toxcreate3.in-silico.ch:8080/dataset/10
:algorithm_uri: http://toxcreate3.in-silico.ch:8080/algorithm/lazar
:algorithm_params: prediction_algorithm=local_svm_regression;pc_type=constitutional;feature_dataset_uri=http://toxcreate3.in-silico.ch:8080/dataset/68353
http://toxcreate3.in-silico.ch:8080/validation/23812
http://toxcreate3.in-silico.ch:8080/validation/report/validation/228

20120313_08_: MOU electronic,cpsa local_svm_regression 1
ruby CV_ds_pctype_algo_rseed_MOU_ttv.rb MOU electronic,cpsa local_svm_regression 1
datasets.yaml exists
--- prediction_algorithm=local_svm_regression;pc_type=electronic,cpsa;feature_dataset_uri=http://toxcreate3.in-silico.ch:8080/dataset/68337
--- 
:test_dataset_uri: http://toxcreate3.in-silico.ch:8080/dataset/11
:prediction_feature: http://toxcreate3.in-silico.ch:8080/dataset/10/feature/pTD50
:training_dataset_uri: http://toxcreate3.in-silico.ch:8080/dataset/10
:algorithm_uri: http://toxcreate3.in-silico.ch:8080/algorithm/lazar
:algorithm_params: prediction_algorithm=local_svm_regression;pc_type=electronic,cpsa;feature_dataset_uri=http://toxcreate3.in-silico.ch:8080/dataset/68337
http://toxcreate3.in-silico.ch:8080/validation/23815
http://toxcreate3.in-silico.ch:8080/validation/report/validation/230

20120313_08_: MOU topological local_svm_regression 1
ruby CV_ds_pctype_algo_rseed_MOU_ttv.rb MOU topological local_svm_regression 1
datasets.yaml exists
--- prediction_algorithm=local_svm_regression;pc_type=topological;feature_dataset_uri=http://toxcreate3.in-silico.ch:8080/dataset/68345
--- 
:test_dataset_uri: http://toxcreate3.in-silico.ch:8080/dataset/11
:prediction_feature: http://toxcreate3.in-silico.ch:8080/dataset/10/feature/pTD50
:training_dataset_uri: http://toxcreate3.in-silico.ch:8080/dataset/10
:algorithm_uri: http://toxcreate3.in-silico.ch:8080/algorithm/lazar
:algorithm_params: prediction_algorithm=local_svm_regression;pc_type=topological;feature_dataset_uri=http://toxcreate3.in-silico.ch:8080/dataset/68345
http://toxcreate3.in-silico.ch:8080/validation/23818
http://toxcreate3.in-silico.ch:8080/validation/report/validation/232

20120313_08_: MOU joelib local_svm_regression 1
ruby CV_ds_pctype_algo_rseed_MOU_ttv.rb MOU joelib local_svm_regression 1
datasets.yaml exists
--- prediction_algorithm=local_svm_regression;pc_type=joelib;feature_dataset_uri=http://toxcreate3.in-silico.ch:8080/dataset/68350
--- 
:test_dataset_uri: http://toxcreate3.in-silico.ch:8080/dataset/11
:prediction_feature: http://toxcreate3.in-silico.ch:8080/dataset/10/feature/pTD50
:training_dataset_uri: http://toxcreate3.in-silico.ch:8080/dataset/10
:algorithm_uri: http://toxcreate3.in-silico.ch:8080/algorithm/lazar
:algorithm_params: prediction_algorithm=local_svm_regression;pc_type=joelib;feature_dataset_uri=http://toxcreate3.in-silico.ch:8080/dataset/68350
http://toxcreate3.in-silico.ch:8080/validation/23820
http://toxcreate3.in-silico.ch:8080/validation/report/validation/233

20120313_08_: MOU all_pc local_svm_regression 1
ruby CV_ds_pctype_algo_rseed_MOU_ttv.rb MOU all_pc local_svm_regression 1
datasets.yaml exists
--- prediction_algorithm=local_svm_regression;pc_type=all_pc;feature_dataset_uri=http://toxcreate3.in-silico.ch:8080/dataset/68363
--- 
:test_dataset_uri: http://toxcreate3.in-silico.ch:8080/dataset/11
:prediction_feature: http://toxcreate3.in-silico.ch:8080/dataset/10/feature/pTD50
:training_dataset_uri: http://toxcreate3.in-silico.ch:8080/dataset/10
:algorithm_uri: http://toxcreate3.in-silico.ch:8080/algorithm/lazar
:algorithm_params: prediction_algorithm=local_svm_regression;pc_type=all_pc;feature_dataset_uri=http://toxcreate3.in-silico.ch:8080/dataset/68363
http://toxcreate3.in-silico.ch:8080/validation/23822
http://toxcreate3.in-silico.ch:8080/validation/report/validation/235

