20120313_08_: RAT constitutional local_svm_regression 1
ruby CV_ds_pctype_algo_rseed_RAT_ttv.rb RAT constitutional local_svm_regression 1
datasets.yaml exists
--- prediction_algorithm=local_svm_regression;pc_type=constitutional;feature_dataset_uri=http://toxcreate3.in-silico.ch:8080/dataset/68272
--- 
:test_dataset_uri: http://toxcreate3.in-silico.ch:8080/dataset/13
:prediction_feature: http://toxcreate3.in-silico.ch:8080/dataset/12/feature/pTD50
:training_dataset_uri: http://toxcreate3.in-silico.ch:8080/dataset/12
:algorithm_uri: http://toxcreate3.in-silico.ch:8080/algorithm/lazar
:algorithm_params: prediction_algorithm=local_svm_regression;pc_type=constitutional;feature_dataset_uri=http://toxcreate3.in-silico.ch:8080/dataset/68272
http://toxcreate3.in-silico.ch:8080/validation/23813
http://toxcreate3.in-silico.ch:8080/validation/report/validation/229

20120313_08_: RAT electronic,cpsa local_svm_regression 1
ruby CV_ds_pctype_algo_rseed_RAT_ttv.rb RAT electronic,cpsa local_svm_regression 1
datasets.yaml exists
--- prediction_algorithm=local_svm_regression;pc_type=electronic,cpsa;feature_dataset_uri=http://toxcreate3.in-silico.ch:8080/dataset/68251
--- 
:test_dataset_uri: http://toxcreate3.in-silico.ch:8080/dataset/13
:prediction_feature: http://toxcreate3.in-silico.ch:8080/dataset/12/feature/pTD50
:training_dataset_uri: http://toxcreate3.in-silico.ch:8080/dataset/12
:algorithm_uri: http://toxcreate3.in-silico.ch:8080/algorithm/lazar
:algorithm_params: prediction_algorithm=local_svm_regression;pc_type=electronic,cpsa;feature_dataset_uri=http://toxcreate3.in-silico.ch:8080/dataset/68251
http://toxcreate3.in-silico.ch:8080/validation/23816
http://toxcreate3.in-silico.ch:8080/validation/report/validation/231

20120313_08_: RAT topological local_svm_regression 1
ruby CV_ds_pctype_algo_rseed_RAT_ttv.rb RAT topological local_svm_regression 1
datasets.yaml exists
--- prediction_algorithm=local_svm_regression;pc_type=topological;feature_dataset_uri=http://toxcreate3.in-silico.ch:8080/dataset/68262
--- 
:test_dataset_uri: http://toxcreate3.in-silico.ch:8080/dataset/13
:prediction_feature: http://toxcreate3.in-silico.ch:8080/dataset/12/feature/pTD50
:training_dataset_uri: http://toxcreate3.in-silico.ch:8080/dataset/12
:algorithm_uri: http://toxcreate3.in-silico.ch:8080/algorithm/lazar
:algorithm_params: prediction_algorithm=local_svm_regression;pc_type=topological;feature_dataset_uri=http://toxcreate3.in-silico.ch:8080/dataset/68262
http://toxcreate3.in-silico.ch:8080/validation/23819
http://toxcreate3.in-silico.ch:8080/validation/report/validation/234

20120313_08_: RAT joelib local_svm_regression 1
ruby CV_ds_pctype_algo_rseed_RAT_ttv.rb RAT joelib local_svm_regression 1
datasets.yaml exists
--- prediction_algorithm=local_svm_regression;pc_type=joelib;feature_dataset_uri=http://toxcreate3.in-silico.ch:8080/dataset/68268
--- 
:test_dataset_uri: http://toxcreate3.in-silico.ch:8080/dataset/13
:prediction_feature: http://toxcreate3.in-silico.ch:8080/dataset/12/feature/pTD50
:training_dataset_uri: http://toxcreate3.in-silico.ch:8080/dataset/12
:algorithm_uri: http://toxcreate3.in-silico.ch:8080/algorithm/lazar
:algorithm_params: prediction_algorithm=local_svm_regression;pc_type=joelib;feature_dataset_uri=http://toxcreate3.in-silico.ch:8080/dataset/68268
http://toxcreate3.in-silico.ch:8080/validation/23823
http://toxcreate3.in-silico.ch:8080/validation/report/validation/236

20120313_08_: RAT all_pc local_svm_regression 1
ruby CV_ds_pctype_algo_rseed_RAT_ttv.rb RAT all_pc local_svm_regression 1
datasets.yaml exists
--- prediction_algorithm=local_svm_regression;pc_type=all_pc;feature_dataset_uri=http://toxcreate3.in-silico.ch:8080/dataset/68286
--- 
:test_dataset_uri: http://toxcreate3.in-silico.ch:8080/dataset/13
:prediction_feature: http://toxcreate3.in-silico.ch:8080/dataset/12/feature/pTD50
:training_dataset_uri: http://toxcreate3.in-silico.ch:8080/dataset/12
:algorithm_uri: http://toxcreate3.in-silico.ch:8080/algorithm/lazar
:algorithm_params: prediction_algorithm=local_svm_regression;pc_type=all_pc;feature_dataset_uri=http://toxcreate3.in-silico.ch:8080/dataset/68286
http://toxcreate3.in-silico.ch:8080/validation/23825
http://toxcreate3.in-silico.ch:8080/validation/report/validation/237

